<?xml version="1.0" encoding="UTF-8"?>
<!-- Generated by org.testng.reporters.JUnitXMLReporter -->
<testsuite ignored="1" hostname="Abhay-Gope" failures="0" tests="6" name="Default test" time="2.785" errors="0" timestamp="2023-11-27T12:28:43 IST">
  <testcase classname="com.testng.DataProviderTest" name="getDataFromExcel" time="0.02"/>
  <testcase classname="com.testng.DataProviderTest" name="getDataFromExcel" time="0.004"/>
  <testcase classname="com.testng.DataProviderTest" name="getDataFromExcel" time="0.024"/>
  <testcase classname="com.testng.DataProviderTest" name="getDataFromExcel" time="0.008"/>
  <testcase classname="com.testng.DataProviderTest" name="getDataFromExcel" time="0.012"/>
  <testcase classname="com.testng.DataProviderTest" name="getDataFromExcel" time="0.006"/>
  <testcase classname="com.testng.DataProviderTest" name="getData" time="0.0">
    <ignored/>
  </testcase> <!-- getData -->
</testsuite> <!-- Default test -->
