<?xml version="1.0" encoding="UTF-8"?>
<!-- Generated by org.testng.reporters.JUnitXMLReporter -->
<testsuite ignored="0" hostname="Abhay-Gope" failures="1" tests="4" name="Test" time="0.117" errors="0" timestamp="2023-11-23T12:13:11 IST">
  <testcase classname="com.testng.PracticeRetryAnalizerTest" name="practiceRetry" time="0.018">
    <skipped/>
  </testcase> <!-- practiceRetry -->
  <testcase classname="com.testng.PracticeRetryAnalizerTest" name="practiceRetry" time="0.003">
    <skipped/>
  </testcase> <!-- practiceRetry -->
  <testcase classname="com.testng.PracticeRetryAnalizerTest" name="practiceRetry" time="0.002">
    <skipped/>
  </testcase> <!-- practiceRetry -->
  <testcase classname="com.testng.PracticeRetryAnalizerTest" name="practiceRetry" time="0.001">
    <failure type="java.lang.AssertionError" message="null">
      <![CDATA[java.lang.AssertionError: null
at com.testng.PracticeRetryAnalizerTest.practiceRetry(PracticeRetryAnalizerTest.java:10)
at java.base/java.util.ArrayList.forEach(ArrayList.java:1511)
... Removed 29 stack frames]]>
    </failure>
  </testcase> <!-- practiceRetry -->
</testsuite> <!-- Test -->
