<?xml version="1.0" encoding="UTF-8"?>
<testng-results ignored="0" total="1" passed="1" failed="0" skipped="0">
  <reporter-output>
  </reporter-output>
  <suite started-at="2023-12-05T16:02:52 IST" name="Default suite" finished-at="2023-12-05T16:02:52 IST" duration-ms="95">
    <groups>
    </groups>
    <test started-at="2023-12-05T16:02:52 IST" name="Default test" finished-at="2023-12-05T16:02:52 IST" duration-ms="95">
      <class name="com.practice.sillySillyMam.Trip">
        <test-method signature="tripTest()[pri:0, instance:com.practice.sillySillyMam.Trip@5119fb47]" started-at="2023-12-05T16:02:52 IST" name="tripTest" finished-at="2023-12-05T16:02:52 IST" duration-ms="18" status="PASS">
          <reporter-output>
          </reporter-output>
        </test-method> <!-- tripTest -->
      </class> <!-- com.practice.sillySillyMam.Trip -->
    </test> <!-- Default test -->
  </suite> <!-- Default suite -->
</testng-results>
